{
  "stats": {
    "suites": 0,
    "tests": 1,
    "passes": 1,
    "pending": 0,
    "failures": 0,
    "start": "2024-02-20T04:33:04.930Z",
    "end": "2024-02-20T04:33:12.080Z",
    "duration": 7150,
    "testsRegistered": 1,
    "passPercent": 100,
    "pendingPercent": 0,
    "other": 0,
    "hasOther": false,
    "skipped": 0,
    "hasSkipped": false
  },
  "results": [
    {
      "uuid": "640a50d3-2768-4ddd-9e03-dbf7743090ab",
      "title": "",
      "fullFile": "cypress\\e2e\\UiTesting.cy.js",
      "file": "cypress\\e2e\\UiTesting.cy.js",
      "beforeHooks": [],
      "afterHooks": [],
      "tests": [
        {
          "title": "Google Search ",
          "fullTitle": "Google Search ",
          "timedOut": null,
          "duration": 4749,
          "state": "passed",
          "speed": "fast",
          "pass": true,
          "fail": false,
          "pending": false,
          "context": null,
          "code": "cy.visit('https://www.google.com/');\ncy.get('#APjFqb').type('facebook login');\ncy.contains('Google Search').click();",
          "err": {},
          "uuid": "8ab3ab7f-d2d0-42f7-a192-3c349a72c7b8",
          "parentUUID": "640a50d3-2768-4ddd-9e03-dbf7743090ab",
          "isHook": false,
          "skipped": false
        }
      ],
      "suites": [],
      "passes": [
        "8ab3ab7f-d2d0-42f7-a192-3c349a72c7b8"
      ],
      "failures": [],
      "pending": [],
      "skipped": [],
      "duration": 4749,
      "root": true,
      "rootEmpty": false,
      "_timeout": 2000
    }
  ],
  "meta": {
    "mocha": {
      "version": "7.0.1"
    },
    "mochawesome": {
      "options": {
        "quiet": false,
        "reportFilename": "mochawesome",
        "saveHtml": true,
        "saveJson": true,
        "consoleReporter": "spec",
        "useInlineDiffs": false,
        "code": true
      },
      "version": "7.1.3"
    },
    "marge": {
      "options": null,
      "version": "6.2.0"
    }
  }
}